2024-10-11 16:54:33,689 - Coverfox_Log -INFO - clicking on gender button
2024-10-11 16:56:58,562 - Coverfox_Log -INFO - Launching application
2024-10-11 16:57:07,995 - Coverfox_Log -INFO - clicking on gender button
2024-10-11 16:57:11,734 - Coverfox_Log -INFO - clicking on gender button
2024-10-11 16:57:15,704 - Coverfox_Log -INFO - selecting age from dropdown
2024-10-11 16:57:16,323 - Coverfox_Log -INFO - clicking on next button
2024-10-11 16:57:17,885 - Coverfox_Log -WARN - Entering pincode
2024-10-11 16:57:18,252 - Coverfox_Log -WARN - Entering mobile no.
2024-10-11 16:57:18,612 - Coverfox_Log -INFO - clicking on continue button
2024-10-11 17:01:15,678 - Coverfox_Log -INFO - Launching application
2024-10-11 17:01:22,446 - Coverfox_Log -INFO - clicking on gender button
2024-10-11 17:01:26,230 - Coverfox_Log -INFO - clicking on gender button
2024-10-11 17:01:29,395 - Coverfox_Log -INFO - selecting age from dropdown
2024-10-11 17:01:29,554 - Coverfox_Log -INFO - clicking on next button
2024-10-11 17:01:30,971 - Coverfox_Log -WARN - Entering pincode
2024-10-11 17:01:31,319 - Coverfox_Log -WARN - Entering mobile no.
2024-10-11 17:01:31,490 - Coverfox_Log -INFO - clicking on continue button
2024-10-11 20:18:27,438 - Coverfox_Log -INFO - Launching application
2024-10-11 20:18:43,510 - Coverfox_Log -INFO - clicking on gender button
2024-10-11 20:18:46,923 - Coverfox_Log -INFO - clicking on gender button
2024-10-11 20:18:51,687 - Coverfox_Log -INFO - selecting age from dropdown
2024-10-11 20:18:52,010 - Coverfox_Log -INFO - clicking on next button
2024-10-11 20:18:53,715 - Coverfox_Log -WARN - Entering pincode
2024-10-11 20:18:54,121 - Coverfox_Log -WARN - Entering mobile no.
2024-10-11 20:18:54,405 - Coverfox_Log -INFO - clicking on continue button
2024-10-14 11:22:30,454 - Coverfox_Log -INFO - Launching application
2024-10-14 11:22:45,844 - Coverfox_Log -INFO - clicking on gender button
2024-10-14 11:22:48,740 - Coverfox_Log -INFO - clicking on gender button
2024-10-14 11:22:52,455 - Coverfox_Log -INFO - selecting age from dropdown
2024-10-14 11:22:52,603 - Coverfox_Log -INFO - clicking on next button
2024-10-14 11:22:54,042 - Coverfox_Log -WARN - Entering mobile no.
2024-10-14 11:22:54,194 - Coverfox_Log -INFO - clicking on continue button
2024-10-14 11:22:56,981 - Coverfox_Log -INFO - closing browser
2024-10-14 11:22:56,993 - Coverfox_Log -INFO - Launching application
2024-10-14 11:23:02,422 - Coverfox_Log -INFO - clicking on gender button
2024-10-14 11:23:04,962 - Coverfox_Log -INFO - clicking on gender button
2024-10-14 11:23:06,832 - Coverfox_Log -INFO - selecting age from dropdown
2024-10-14 11:23:07,321 - Coverfox_Log -INFO - clicking on next button
2024-10-14 11:23:08,695 - Coverfox_Log -WARN - Entering pincode
2024-10-14 11:23:08,855 - Coverfox_Log -INFO - clicking on continue button
2024-10-14 11:23:09,558 - Coverfox_Log -INFO - closing browser
2024-10-14 11:29:55,192 - Coverfox_Log -INFO - Launching application
2024-10-14 11:30:00,604 - Coverfox_Log -INFO - clicking on gender button
2024-10-14 11:30:04,323 - Coverfox_Log -INFO - clicking on gender button
2024-10-14 11:30:08,296 - Coverfox_Log -INFO - selecting age from dropdown
2024-10-14 11:30:08,569 - Coverfox_Log -INFO - clicking on next button
2024-10-14 11:30:09,938 - Coverfox_Log -WARN - Entering pincode
2024-10-14 11:30:10,246 - Coverfox_Log -WARN - Entering mobile no.
2024-10-14 11:30:10,384 - Coverfox_Log -INFO - clicking on continue button
2024-10-14 11:30:14,492 - Coverfox_Log -INFO - Validating result
2024-10-14 11:30:15,124 - Coverfox_Log -INFO - closing browser
2024-10-14 11:30:15,307 - Coverfox_Log -INFO - Launching application
2024-10-14 11:30:23,465 - Coverfox_Log -INFO - clicking on gender button
2024-10-14 11:30:26,192 - Coverfox_Log -INFO - clicking on gender button
2024-10-14 11:30:27,953 - Coverfox_Log -INFO - selecting age from dropdown
2024-10-14 11:30:28,261 - Coverfox_Log -INFO - clicking on next button
2024-10-14 11:30:29,276 - Coverfox_Log -INFO - Entering mobile no.
2024-10-14 11:30:29,564 - Coverfox_Log -INFO - clicking on continue button
2024-10-14 11:30:29,693 - Coverfox_Log -WARN - Error message displayed for Pincode
2024-10-14 11:30:30,457 - Coverfox_Log -INFO - closing browser
2024-10-14 11:30:30,505 - Coverfox_Log -INFO - Launching application
2024-10-14 11:30:36,524 - Coverfox_Log -INFO - clicking on gender button
2024-10-14 11:30:39,708 - Coverfox_Log -INFO - clicking on gender button
2024-10-14 11:30:41,308 - Coverfox_Log -INFO - selecting age from dropdown
2024-10-14 11:30:41,463 - Coverfox_Log -INFO - clicking on next button
2024-10-14 11:30:42,477 - Coverfox_Log -INFO - Entering pincode
2024-10-14 11:30:42,764 - Coverfox_Log -INFO - clicking on continue button
2024-10-14 11:30:42,910 - Coverfox_Log -WARN - Error message displayed for Pincode
2024-10-14 11:30:43,754 - Coverfox_Log -INFO - closing browser
2024-10-14 11:41:53,029 - Coverfox_Log -INFO - Launching application
2024-10-14 11:41:58,724 - Coverfox_Log -INFO - clicking on gender button
2024-10-14 11:42:01,380 - Coverfox_Log -INFO - clicking on gender button
2024-10-14 11:42:04,818 - Coverfox_Log -INFO - selecting age from dropdown
2024-10-14 11:42:04,973 - Coverfox_Log -INFO - clicking on next button
2024-10-14 11:42:06,344 - Coverfox_Log -WARN - Entering pincode
2024-10-14 11:42:06,695 - Coverfox_Log -WARN - Entering mobile no.
2024-10-14 11:42:06,839 - Coverfox_Log -INFO - clicking on continue button
2024-10-14 11:42:11,053 - Coverfox_Log -INFO - Validating result
2024-10-14 11:42:12,992 - Coverfox_Log -INFO - closing browser
2024-10-14 11:42:13,035 - Coverfox_Log -INFO - Launching application
2024-10-14 11:42:18,361 - Coverfox_Log -INFO - clicking on gender button
2024-10-14 11:42:20,866 - Coverfox_Log -INFO - clicking on gender button
2024-10-14 11:42:22,477 - Coverfox_Log -INFO - selecting age from dropdown
2024-10-14 11:42:22,690 - Coverfox_Log -INFO - clicking on next button
2024-10-14 11:42:23,706 - Coverfox_Log -INFO - Entering mobile no.
2024-10-14 11:42:24,032 - Coverfox_Log -INFO - clicking on continue button
2024-10-14 11:42:24,168 - Coverfox_Log -WARN - Error message displayed for PincodeField
2024-10-14 11:42:24,782 - Coverfox_Log -INFO - closing browser
2024-10-14 11:42:24,897 - Coverfox_Log -INFO - Launching application
2024-10-14 11:42:30,718 - Coverfox_Log -INFO - clicking on gender button
2024-10-14 11:42:33,574 - Coverfox_Log -INFO - clicking on gender button
2024-10-14 11:42:35,358 - Coverfox_Log -INFO - selecting age from dropdown
2024-10-14 11:42:35,531 - Coverfox_Log -INFO - clicking on next button
2024-10-14 11:42:36,539 - Coverfox_Log -INFO - Entering pincode
2024-10-14 11:42:36,890 - Coverfox_Log -INFO - clicking on continue button
2024-10-14 11:42:37,034 - Coverfox_Log -WARN - Error message displayed for MobileField
2024-10-14 11:42:37,696 - Coverfox_Log -INFO - closing browser
2024-10-14 16:09:16,869 - Coverfox_Log -INFO - Launching application
2024-10-14 16:09:25,651 - Coverfox_Log -INFO - clicking on gender button
2024-10-14 16:09:33,881 - Coverfox_Log -INFO - clicking on gender button
2024-10-14 16:09:34,900 - Coverfox_Log -INFO - clicking on next button
2024-10-14 16:09:36,509 - Coverfox_Log -WARN - getting an error on AgeFiled
2024-10-14 16:09:40,586 - Coverfox_Log -INFO - closing browser
2024-10-14 16:47:51,329 - Coverfox_Log -INFO - Launching application
2024-10-14 16:48:00,575 - Coverfox_Log -INFO - clicking on gender button
2024-10-14 16:48:04,037 - Coverfox_Log -INFO - clicking on gender button
2024-10-14 16:48:05,064 - Coverfox_Log -INFO - clicking on next button
2024-10-14 16:48:06,532 - Coverfox_Log -WARN - getting an error on AgeFiled
2024-10-14 16:48:10,826 - Coverfox_Log -INFO - closing browser
2024-10-14 16:50:34,845 - Coverfox_Log -INFO - Launching application
2024-10-14 16:50:42,659 - Coverfox_Log -INFO - clicking on gender button
2024-10-14 16:50:45,988 - Coverfox_Log -INFO - clicking on gender button
2024-10-14 16:50:50,523 - Coverfox_Log -INFO - selecting age from dropdown
2024-10-14 16:50:50,701 - Coverfox_Log -INFO - clicking on next button
2024-10-14 16:50:52,232 - Coverfox_Log -WARN - Entering pincode
2024-10-14 16:50:52,551 - Coverfox_Log -WARN - Entering mobile no.
2024-10-14 16:50:52,719 - Coverfox_Log -INFO - clicking on continue button
2024-10-14 16:50:56,906 - Coverfox_Log -INFO - Validating result
2024-10-14 16:50:59,202 - Coverfox_Log -INFO - closing browser
2024-10-14 16:50:59,278 - Coverfox_Log -INFO - Launching application
2024-10-14 16:51:06,391 - Coverfox_Log -INFO - clicking on gender button
2024-10-14 16:51:09,841 - Coverfox_Log -INFO - clicking on gender button
2024-10-14 16:51:12,624 - Coverfox_Log -INFO - selecting age from dropdown
2024-10-14 16:51:12,830 - Coverfox_Log -INFO - clicking on next button
2024-10-14 16:51:13,842 - Coverfox_Log -INFO - Entering mobile no.
2024-10-14 16:51:14,189 - Coverfox_Log -INFO - clicking on continue button
2024-10-14 16:51:14,420 - Coverfox_Log -WARN - Error message displayed for PincodeField
2024-10-14 16:51:16,329 - Coverfox_Log -INFO - closing browser
2024-10-14 16:51:16,342 - Coverfox_Log -INFO - Launching application
2024-10-14 16:51:22,995 - Coverfox_Log -INFO - clicking on gender button
2024-10-14 16:51:26,300 - Coverfox_Log -INFO - clicking on gender button
2024-10-14 16:51:29,437 - Coverfox_Log -INFO - selecting age from dropdown
2024-10-14 16:51:29,682 - Coverfox_Log -INFO - clicking on next button
2024-10-14 16:51:30,690 - Coverfox_Log -INFO - Entering pincode
2024-10-14 16:51:31,033 - Coverfox_Log -INFO - clicking on continue button
2024-10-14 16:51:31,199 - Coverfox_Log -WARN - Error message displayed for MobileField
2024-10-14 16:51:33,622 - Coverfox_Log -INFO - closing browser
2024-10-14 16:51:33,641 - Coverfox_Log -INFO - Launching application
2024-10-14 16:51:39,826 - Coverfox_Log -INFO - clicking on gender button
2024-10-14 16:51:42,856 - Coverfox_Log -INFO - clicking on gender button
2024-10-14 16:51:43,886 - Coverfox_Log -INFO - clicking on next button
2024-10-14 16:51:45,102 - Coverfox_Log -WARN - getting an error on AgeFiled
2024-10-14 16:51:47,584 - Coverfox_Log -INFO - closing browser
2024-10-14 17:36:23,903 - Coverfox_Log -INFO - Launching application
2024-10-14 17:36:30,436 - Coverfox_Log -INFO - clicking on gender button
2024-10-14 17:36:32,969 - Coverfox_Log -INFO - clicking on gender button
2024-10-14 17:36:35,699 - Coverfox_Log -INFO - selecting age from dropdown
2024-10-14 17:36:35,797 - Coverfox_Log -INFO - clicking on next button
2024-10-14 17:36:37,098 - Coverfox_Log -WARN - Entering pincode
2024-10-14 17:36:37,458 - Coverfox_Log -WARN - Entering mobile no.
2024-10-14 17:36:37,612 - Coverfox_Log -INFO - clicking on continue button
2024-10-14 17:36:41,672 - Coverfox_Log -INFO - Getting Member Details
2024-10-14 17:36:43,653 - Coverfox_Log -INFO - Adding Spouce Details
2024-10-14 17:36:47,077 - Coverfox_Log -INFO - closing browser
2024-10-14 17:39:12,873 - Coverfox_Log -INFO - Launching application
2024-10-14 17:39:18,392 - Coverfox_Log -INFO - clicking on gender button
2024-10-14 17:39:21,064 - Coverfox_Log -INFO - clicking on gender button
2024-10-14 17:39:23,908 - Coverfox_Log -INFO - selecting age from dropdown
2024-10-14 17:39:24,093 - Coverfox_Log -INFO - clicking on next button
2024-10-14 17:39:25,383 - Coverfox_Log -WARN - Entering pincode
2024-10-14 17:39:25,679 - Coverfox_Log -WARN - Entering mobile no.
2024-10-14 17:39:25,795 - Coverfox_Log -INFO - clicking on continue button
2024-10-14 17:39:29,843 - Coverfox_Log -INFO - Getting Member Details
2024-10-14 17:39:31,626 - Coverfox_Log -INFO - Adding Spouce Details
2024-10-14 17:39:40,725 - Coverfox_Log -INFO - closing browser
2024-10-14 17:46:51,342 - Coverfox_Log -INFO - Launching application
2024-10-14 17:46:56,703 - Coverfox_Log -INFO - clicking on gender button
2024-10-14 17:46:59,467 - Coverfox_Log -INFO - clicking on gender button
2024-10-14 17:47:02,669 - Coverfox_Log -INFO - selecting age from dropdown
2024-10-14 17:47:02,827 - Coverfox_Log -INFO - clicking on next button
2024-10-14 17:47:04,107 - Coverfox_Log -WARN - Entering pincode
2024-10-14 17:47:04,443 - Coverfox_Log -WARN - Entering mobile no.
2024-10-14 17:47:04,588 - Coverfox_Log -INFO - clicking on continue button
2024-10-14 17:47:08,643 - Coverfox_Log -INFO - Getting Member Details
2024-10-14 17:47:10,343 - Coverfox_Log -INFO - Adding Spouce Details
2024-10-14 17:47:14,960 - Coverfox_Log -INFO - Getting Updated Member Details
2024-10-14 17:47:14,965 - Coverfox_Log -INFO - Veryfied updated members
2024-10-14 17:47:15,720 - Coverfox_Log -INFO - closing browser
2024-10-14 17:48:13,673 - Coverfox_Log -INFO - Launching application
2024-10-14 17:48:18,797 - Coverfox_Log -INFO - clicking on gender button
2024-10-14 17:48:21,305 - Coverfox_Log -INFO - clicking on gender button
2024-10-14 17:48:24,319 - Coverfox_Log -INFO - selecting age from dropdown
2024-10-14 17:48:24,459 - Coverfox_Log -INFO - clicking on next button
2024-10-14 17:48:25,740 - Coverfox_Log -WARN - Entering pincode
2024-10-14 17:48:26,098 - Coverfox_Log -WARN - Entering mobile no.
2024-10-14 17:48:26,243 - Coverfox_Log -INFO - clicking on continue button
2024-10-14 17:48:30,308 - Coverfox_Log -INFO - Getting Member Details
2024-10-14 17:48:32,005 - Coverfox_Log -INFO - Adding Spouce Details
2024-10-14 17:48:36,617 - Coverfox_Log -INFO - Getting Updated Member Details
2024-10-14 17:48:37,793 - Coverfox_Log -INFO - closing browser
2024-10-14 17:52:18,655 - Coverfox_Log -INFO - Launching application
2024-10-14 17:52:23,925 - Coverfox_Log -INFO - clicking on gender button
2024-10-14 17:52:26,391 - Coverfox_Log -INFO - clicking on gender button
2024-10-14 17:52:29,489 - Coverfox_Log -INFO - selecting age from dropdown
2024-10-14 17:52:29,635 - Coverfox_Log -INFO - clicking on next button
2024-10-14 17:52:30,942 - Coverfox_Log -WARN - Entering pincode
2024-10-14 17:52:31,331 - Coverfox_Log -WARN - Entering mobile no.
2024-10-14 17:52:31,523 - Coverfox_Log -INFO - clicking on continue button
2024-10-14 17:52:35,615 - Coverfox_Log -INFO - Validating result
2024-10-14 17:52:36,282 - Coverfox_Log -INFO - closing browser
2024-10-14 17:52:36,327 - Coverfox_Log -INFO - Launching application
2024-10-14 17:52:39,486 - Coverfox_Log -INFO - clicking on gender button
2024-10-14 17:52:44,458 - Coverfox_Log -INFO - clicking on gender button
2024-10-14 17:52:46,328 - Coverfox_Log -INFO - selecting age from dropdown
2024-10-14 17:52:46,536 - Coverfox_Log -INFO - clicking on next button
2024-10-14 17:52:47,544 - Coverfox_Log -INFO - Entering mobile no.
2024-10-14 17:52:47,914 - Coverfox_Log -INFO - clicking on continue button
2024-10-14 17:52:48,103 - Coverfox_Log -WARN - Error message displayed for PincodeField
2024-10-14 17:52:49,220 - Coverfox_Log -INFO - closing browser
2024-10-14 17:52:49,228 - Coverfox_Log -INFO - Launching application
2024-10-14 17:52:54,777 - Coverfox_Log -INFO - clicking on gender button
2024-10-14 17:53:00,095 - Coverfox_Log -INFO - clicking on gender button
2024-10-14 17:53:01,880 - Coverfox_Log -INFO - selecting age from dropdown
2024-10-14 17:53:02,085 - Coverfox_Log -INFO - clicking on next button
2024-10-14 17:53:03,096 - Coverfox_Log -INFO - Entering pincode
2024-10-14 17:53:03,350 - Coverfox_Log -INFO - clicking on continue button
2024-10-14 17:53:03,594 - Coverfox_Log -WARN - Error message displayed for MobileField
2024-10-14 17:53:04,849 - Coverfox_Log -INFO - closing browser
2024-10-14 17:53:04,864 - Coverfox_Log -INFO - Launching application
2024-10-14 17:53:13,747 - Coverfox_Log -INFO - clicking on gender button
2024-10-14 17:53:24,084 - Coverfox_Log -INFO - clicking on gender button
2024-10-14 17:53:25,098 - Coverfox_Log -INFO - clicking on next button
2024-10-14 17:53:26,687 - Coverfox_Log -WARN - getting an error on AgeFiled
2024-10-14 17:53:28,027 - Coverfox_Log -INFO - closing browser
2024-10-14 17:53:28,057 - Coverfox_Log -INFO - Launching application
2024-10-14 17:53:32,801 - Coverfox_Log -INFO - clicking on gender button
2024-10-14 17:53:35,504 - Coverfox_Log -INFO - clicking on gender button
2024-10-14 17:53:37,221 - Coverfox_Log -INFO - selecting age from dropdown
2024-10-14 17:53:37,610 - Coverfox_Log -INFO - clicking on next button
2024-10-14 17:53:38,913 - Coverfox_Log -WARN - Entering pincode
2024-10-14 17:53:39,407 - Coverfox_Log -WARN - Entering mobile no.
2024-10-14 17:53:39,572 - Coverfox_Log -INFO - clicking on continue button
2024-10-14 17:53:43,616 - Coverfox_Log -INFO - Getting Member Details
2024-10-14 17:53:45,206 - Coverfox_Log -INFO - Adding Spouce Details
2024-10-14 17:53:45,669 - Coverfox_Log -INFO - Getting Updated Member Details
2024-10-14 17:53:46,687 - Coverfox_Log -INFO - Veryfied updated members
2024-10-14 17:53:49,524 - Coverfox_Log -INFO - closing browser
